# JRE version: Java(TM) SE Runtime Environment (8.0_112-b15) (build 1.8.0_112-b15)
# Java VM: Java HotSpot(TM) 64-Bit Server VM (25.112-b15 mixed mode windows-amd64 compressed oops)
Heap:
 PSYoungGen      total 564224K, used 223480K [0x000000076ab00000, 0x000000079c900000, 0x00000007c0000000)
  eden space 374784K, 59% used [0x000000076ab00000,0x000000077853e238,0x0000000781900000)
  from space 189440K, 0% used [0x0000000781900000,0x0000000781900000,0x000000078d200000)
  to   space 198144K, 0% used [0x0000000790780000,0x0000000790780000,0x000000079c900000)
 ParOldGen       total 763392K, used 763240K [0x00000006c0000000, 0x00000006ee980000, 0x000000076ab00000)
  object space 763392K, 99% used [0x00000006c0000000,0x00000006ee95a3f8,0x00000006ee980000)
 Metaspace       used 6688K, capacity 7384K, committed 7680K, reserved 1056768K
  class space    used 639K, capacity 656K, committed 768K, reserved 1048576K
GC Heap History (10 events):
Event: 23.055 GC heap before
{Heap before GC invocations=27 (full 6):
 PSYoungGen      total 500224K, used 500198K [0x000000076ab00000, 0x0000000795300000, 0x00000007c0000000)
  eden space 393728K, 100% used [0x000000076ab00000,0x0000000782b80000,0x0000000782b80000)
  from space 106496K, 99% used [0x0000000782b80000,0x0000000789379948,0x0000000789380000)
  to   space 132096K, 0% used [0x000000078d200000,0x000000078d200000,0x0000000795300000)
 ParOldGen       total 738816K, used 542158K [0x00000006c0000000, 0x00000006ed180000, 0x000000076ab00000)
  object space 738816K, 73% used [0x00000006c0000000,0x00000006e1173b18,0x00000006ed180000)
 Metaspace       used 6686K, capacity 7384K, committed 7680K, reserved 1056768K
  class space    used 639K, capacity 656K, committed 768K, reserved 1048576K
Event: 23.282 GC heap after
Heap after GC invocations=27 (full 6):
 PSYoungGen      total 506880K, used 132074K [0x000000076ab00000, 0x000000079ca80000, 0x00000007c0000000)
  eden space 374784K, 0% used [0x000000076ab00000,0x000000076ab00000,0x0000000781900000)
  from space 132096K, 99% used [0x000000078d200000,0x00000007952fa998,0x0000000795300000)
  to   space 189440K, 0% used [0x0000000781900000,0x0000000781900000,0x000000078d200000)
 ParOldGen       total 738816K, used 639422K [0x00000006c0000000, 0x00000006ed180000, 0x000000076ab00000)
  object space 738816K, 86% used [0x00000006c0000000,0x00000006e706fa90,0x00000006ed180000)
 Metaspace       used 6686K, capacity 7384K, committed 7680K, reserved 1056768K
  class space    used 639K, capacity 656K, committed 768K, reserved 1048576K
}
Event: 24.099 GC heap before
{Heap before GC invocations=28 (full 6):
 PSYoungGen      total 506880K, used 506858K [0x000000076ab00000, 0x000000079ca80000, 0x00000007c0000000)
  eden space 374784K, 100% used [0x000000076ab00000,0x0000000781900000,0x0000000781900000)
  from space 132096K, 99% used [0x000000078d200000,0x00000007952fa998,0x0000000795300000)
  to   space 189440K, 0% used [0x0000000781900000,0x0000000781900000,0x000000078d200000)
 ParOldGen       total 738816K, used 639422K [0x00000006c0000000, 0x00000006ed180000, 0x000000076ab00000)
  object space 738816K, 86% used [0x00000006c0000000,0x00000006e706fa90,0x00000006ed180000)
 Metaspace       used 6688K, capacity 7384K, committed 7680K, reserved 1056768K
  class space    used 639K, capacity 656K, committed 768K, reserved 1048576K
Event: 24.260 GC heap after
Heap after GC invocations=28 (full 6):
 PSYoungGen      total 564224K, used 125523K [0x000000076ab00000, 0x000000079c900000, 0x00000007c0000000)
  eden space 374784K, 0% used [0x000000076ab00000,0x000000076ab00000,0x0000000781900000)
  from space 189440K, 66% used [0x0000000781900000,0x0000000789394e48,0x000000078d200000)
  to   space 198144K, 0% used [0x0000000790780000,0x0000000790780000,0x000000079c900000)
 ParOldGen       total 763392K, used 763063K [0x00000006c0000000, 0x00000006ee980000, 0x000000076ab00000)
  object space 763392K, 99% used [0x00000006c0000000,0x00000006ee92ddc8,0x00000006ee980000)
 Metaspace       used 6688K, capacity 7384K, committed 7680K, reserved 1056768K
  class space    used 639K, capacity 656K, committed 768K, reserved 1048576K
}
Event: 24.260 GC heap before
{Heap before GC invocations=29 (full 7):
 PSYoungGen      total 564224K, used 125523K [0x000000076ab00000, 0x000000079c900000, 0x00000007c0000000)
  eden space 374784K, 0% used [0x000000076ab00000,0x000000076ab00000,0x0000000781900000)
  from space 189440K, 66% used [0x0000000781900000,0x0000000789394e48,0x000000078d200000)
  to   space 198144K, 0% used [0x0000000790780000,0x0000000790780000,0x000000079c900000)
 ParOldGen       total 763392K, used 763063K [0x00000006c0000000, 0x00000006ee980000, 0x000000076ab00000)
  object space 763392K, 99% used [0x00000006c0000000,0x00000006ee92ddc8,0x00000006ee980000)
 Metaspace       used 6688K, capacity 7384K, committed 7680K, reserved 1056768K
  class space    used 639K, capacity 656K, committed 768K, reserved 1048576K
Event: 25.978 GC heap after
Heap after GC invocations=29 (full 7):
 PSYoungGen      total 564224K, used 0K [0x000000076ab00000, 0x000000079c900000, 0x00000007c0000000)
  eden space 374784K, 0% used [0x000000076ab00000,0x000000076ab00000,0x0000000781900000)
  from space 189440K, 0% used [0x0000000781900000,0x0000000781900000,0x000000078d200000)
  to   space 198144K, 0% used [0x0000000790780000,0x0000000790780000,0x000000079c900000)
 ParOldGen       total 763392K, used 761675K [0x00000006c0000000, 0x00000006ee980000, 0x000000076ab00000)
  object space 763392K, 99% used [0x00000006c0000000,0x00000006ee7d2ce0,0x00000006ee980000)
 Metaspace       used 6688K, capacity 7384K, committed 7680K, reserved 1056768K
  class space    used 639K, capacity 656K, committed 768K, reserved 1048576K
}
Event: 26.553 GC heap before
{Heap before GC invocations=30 (full 8):
 PSYoungGen      total 564224K, used 374784K [0x000000076ab00000, 0x000000079c900000, 0x00000007c0000000)
  eden space 374784K, 100% used [0x000000076ab00000,0x0000000781900000,0x0000000781900000)
  from space 189440K, 0% used [0x0000000781900000,0x0000000781900000,0x000000078d200000)
  to   space 198144K, 0% used [0x0000000790780000,0x0000000790780000,0x000000079c900000)
 ParOldGen       total 763392K, used 761675K [0x00000006c0000000, 0x00000006ee980000, 0x000000076ab00000)
  object space 763392K, 99% used [0x00000006c0000000,0x00000006ee7d2ce0,0x00000006ee980000)
 Metaspace       used 6688K, capacity 7384K, committed 7680K, reserved 1056768K
  class space    used 639K, capacity 656K, committed 768K, reserved 1048576K
Event: 29.022 GC heap after
Heap after GC invocations=30 (full 8):
 PSYoungGen      total 564224K, used 43455K [0x000000076ab00000, 0x000000079c900000, 0x00000007c0000000)
  eden space 374784K, 11% used [0x000000076ab00000,0x000000076d56fc80,0x0000000781900000)
  from space 189440K, 0% used [0x0000000781900000,0x0000000781900000,0x000000078d200000)
  to   space 198144K, 0% used [0x0000000790780000,0x0000000790780000,0x000000079c900000)
 ParOldGen       total 763392K, used 763378K [0x00000006c0000000, 0x00000006ee980000, 0x000000076ab00000)
  object space 763392K, 99% used [0x00000006c0000000,0x00000006ee97cbc8,0x00000006ee980000)
 Metaspace       used 6688K, capacity 7384K, committed 7680K, reserved 1056768K
  class space    used 639K, capacity 656K, committed 768K, reserved 1048576K
}
Event: 29.584 GC heap before
{Heap before GC invocations=31 (full 9):
 PSYoungGen      total 564224K, used 374784K [0x000000076ab00000, 0x000000079c900000, 0x00000007c0000000)
  eden space 374784K, 100% used [0x000000076ab00000,0x0000000781900000,0x0000000781900000)
  from space 189440K, 0% used [0x0000000781900000,0x0000000781900000,0x000000078d200000)
  to   space 198144K, 0% used [0x0000000790780000,0x0000000790780000,0x000000079c900000)
 ParOldGen       total 763392K, used 763378K [0x00000006c0000000, 0x00000006ee980000, 0x000000076ab00000)
  object space 763392K, 99% used [0x00000006c0000000,0x00000006ee97cbc8,0x00000006ee980000)
 Metaspace       used 6688K, capacity 7384K, committed 7680K, reserved 1056768K
  class space    used 639K, capacity 656K, committed 768K, reserved 1048576K
Event: 31.242 GC heap after
Heap after GC invocations=31 (full 9):
 PSYoungGen      total 564224K, used 46533K [0x000000076ab00000, 0x000000079c900000, 0x00000007c0000000)
  eden space 374784K, 12% used [0x000000076ab00000,0x000000076d8715d8,0x0000000781900000)
  from space 189440K, 0% used [0x0000000781900000,0x0000000781900000,0x000000078d200000)
  to   space 198144K, 0% used [0x0000000790780000,0x0000000790780000,0x000000079c900000)
 ParOldGen       total 763392K, used 763240K [0x00000006c0000000, 0x00000006ee980000, 0x000000076ab00000)
  object space 763392K, 99% used [0x00000006c0000000,0x00000006ee95a3f8,0x00000006ee980000)
 Metaspace       used 6688K, capacity 7384K, committed 7680K, reserved 1056768K
  class space    used 639K, capacity 656K, committed 768K, reserved 1048576K
}

