# JRE version: Java(TM) SE Runtime Environment (8.0_112-b15) (build 1.8.0_112-b15)
# Java VM: Java HotSpot(TM) 64-Bit Server VM (25.112-b15 mixed mode windows-amd64 compressed oops)
Heap:
 PSYoungGen      total 639488K, used 307791K [0x000000076ab00000, 0x000000079d780000, 0x00000007c0000000)
  eden space 455168K, 67% used [0x000000076ab00000,0x000000077d793ce0,0x0000000786780000)
  from space 184320K, 0% used [0x0000000786780000,0x0000000786780000,0x0000000791b80000)
  to   space 178688K, 0% used [0x0000000791b80000,0x0000000791b80000,0x000000079ca00000)
 ParOldGen       total 602112K, used 601852K [0x00000006c0000000, 0x00000006e4c00000, 0x000000076ab00000)
  object space 602112K, 99% used [0x00000006c0000000,0x00000006e4bbf140,0x00000006e4c00000)
 Metaspace       used 6691K, capacity 7384K, committed 7680K, reserved 1056768K
  class space    used 639K, capacity 656K, committed 768K, reserved 1048576K
GC Heap History (10 events):
Event: 21.078 GC heap before
{Heap before GC invocations=23 (full 5):
 PSYoungGen      total 633856K, used 108399K [0x000000076ab00000, 0x000000079d780000, 0x00000007c0000000)
  eden space 455168K, 0% used [0x000000076ab00000,0x000000076ab00000,0x0000000786780000)
  from space 178688K, 60% used [0x0000000791b80000,0x000000079855be40,0x000000079ca00000)
  to   space 184320K, 0% used [0x0000000786780000,0x0000000786780000,0x0000000791b80000)
 ParOldGen       total 396288K, used 396234K [0x00000006c0000000, 0x00000006d8300000, 0x000000076ab00000)
  object space 396288K, 99% used [0x00000006c0000000,0x00000006d82f29a8,0x00000006d8300000)
 Metaspace       used 6682K, capacity 7384K, committed 7680K, reserved 1056768K
  class space    used 638K, capacity 656K, committed 768K, reserved 1048576K
Event: 23.016 GC heap after
Heap after GC invocations=23 (full 5):
 PSYoungGen      total 633856K, used 104282K [0x000000076ab00000, 0x000000079d780000, 0x00000007c0000000)
  eden space 455168K, 0% used [0x000000076ab00000,0x000000076ab00000,0x0000000786780000)
  from space 178688K, 58% used [0x0000000791b80000,0x0000000798156838,0x000000079ca00000)
  to   space 184320K, 0% used [0x0000000786780000,0x0000000786780000,0x0000000791b80000)
 ParOldGen       total 396288K, used 396005K [0x00000006c0000000, 0x00000006d8300000, 0x000000076ab00000)
  object space 396288K, 99% used [0x00000006c0000000,0x00000006d82b9440,0x00000006d8300000)
 Metaspace       used 6682K, capacity 7384K, committed 7680K, reserved 1056768K
  class space    used 638K, capacity 656K, committed 768K, reserved 1048576K
}
Event: 24.161 GC heap before
{Heap before GC invocations=24 (full 6):
 PSYoungGen      total 633856K, used 559450K [0x000000076ab00000, 0x000000079d780000, 0x00000007c0000000)
  eden space 455168K, 100% used [0x000000076ab00000,0x0000000786780000,0x0000000786780000)
  from space 178688K, 58% used [0x0000000791b80000,0x0000000798156838,0x000000079ca00000)
  to   space 184320K, 0% used [0x0000000786780000,0x0000000786780000,0x0000000791b80000)
 ParOldGen       total 396288K, used 396005K [0x00000006c0000000, 0x00000006d8300000, 0x000000076ab00000)
  object space 396288K, 99% used [0x00000006c0000000,0x00000006d82b9440,0x00000006d8300000)
 Metaspace       used 6682K, capacity 7384K, committed 7680K, reserved 1056768K
  class space    used 638K, capacity 656K, committed 768K, reserved 1048576K
Event: 25.620 GC heap after
Heap after GC invocations=24 (full 6):
 PSYoungGen      total 633856K, used 166719K [0x000000076ab00000, 0x000000079d780000, 0x00000007c0000000)
  eden space 455168K, 36% used [0x000000076ab00000,0x0000000774dcfe20,0x0000000786780000)
  from space 178688K, 0% used [0x0000000791b80000,0x0000000791b80000,0x000000079ca00000)
  to   space 184320K, 0% used [0x0000000786780000,0x0000000786780000,0x0000000791b80000)
 ParOldGen       total 600064K, used 396151K [0x00000006c0000000, 0x00000006e4a00000, 0x000000076ab00000)
  object space 600064K, 66% used [0x00000006c0000000,0x00000006d82ddd88,0x00000006e4a00000)
 Metaspace       used 6682K, capacity 7384K, committed 7680K, reserved 1056768K
  class space    used 638K, capacity 656K, committed 768K, reserved 1048576K
}
Event: 26.216 GC heap before
{Heap before GC invocations=25 (full 6):
 PSYoungGen      total 633856K, used 455168K [0x000000076ab00000, 0x000000079d780000, 0x00000007c0000000)
  eden space 455168K, 100% used [0x000000076ab00000,0x0000000786780000,0x0000000786780000)
  from space 178688K, 0% used [0x0000000791b80000,0x0000000791b80000,0x000000079ca00000)
  to   space 184320K, 0% used [0x0000000786780000,0x0000000786780000,0x0000000791b80000)
 ParOldGen       total 600064K, used 396151K [0x00000006c0000000, 0x00000006e4a00000, 0x000000076ab00000)
  object space 600064K, 66% used [0x00000006c0000000,0x00000006d82ddd88,0x00000006e4a00000)
 Metaspace       used 6682K, capacity 7384K, committed 7680K, reserved 1056768K
  class space    used 638K, capacity 656K, committed 768K, reserved 1048576K
Event: 26.484 GC heap after
Heap after GC invocations=25 (full 6):
 PSYoungGen      total 639488K, used 166247K [0x000000076ab00000, 0x000000079d780000, 0x00000007c0000000)
  eden space 455168K, 0% used [0x000000076ab00000,0x000000076ab00000,0x0000000786780000)
  from space 184320K, 90% used [0x0000000786780000,0x00000007909d9ca0,0x0000000791b80000)
  to   space 178688K, 0% used [0x0000000791b80000,0x0000000791b80000,0x000000079ca00000)
 ParOldGen       total 600064K, used 440625K [0x00000006c0000000, 0x00000006e4a00000, 0x000000076ab00000)
  object space 600064K, 73% used [0x00000006c0000000,0x00000006dae4c6c8,0x00000006e4a00000)
 Metaspace       used 6682K, capacity 7384K, committed 7680K, reserved 1056768K
  class space    used 638K, capacity 656K, committed 768K, reserved 1048576K
}
Event: 27.277 GC heap before
{Heap before GC invocations=26 (full 6):
 PSYoungGen      total 639488K, used 621415K [0x000000076ab00000, 0x000000079d780000, 0x00000007c0000000)
  eden space 455168K, 100% used [0x000000076ab00000,0x0000000786780000,0x0000000786780000)
  from space 184320K, 90% used [0x0000000786780000,0x00000007909d9ca0,0x0000000791b80000)
  to   space 178688K, 0% used [0x0000000791b80000,0x0000000791b80000,0x000000079ca00000)
 ParOldGen       total 600064K, used 440625K [0x00000006c0000000, 0x00000006e4a00000, 0x000000076ab00000)
  object space 600064K, 73% used [0x00000006c0000000,0x00000006dae4c6c8,0x00000006e4a00000)
 Metaspace       used 6682K, capacity 7384K, committed 7680K, reserved 1056768K
  class space    used 638K, capacity 656K, committed 768K, reserved 1048576K
Event: 27.796 GC heap after
Heap after GC invocations=26 (full 6):
 PSYoungGen      total 639488K, used 621415K [0x000000076ab00000, 0x000000079d780000, 0x00000007c0000000)
  eden space 455168K, 100% used [0x000000076ab00000,0x0000000786780000,0x0000000786780000)
  from space 184320K, 90% used [0x0000000786780000,0x00000007909d9ca0,0x0000000791b80000)
  to   space 178688K, 99% used [0x0000000791b80000,0x000000079c9fddf0,0x000000079ca00000)
 ParOldGen       total 602112K, used 602104K [0x00000006c0000000, 0x00000006e4c00000, 0x000000076ab00000)
  object space 602112K, 99% used [0x00000006c0000000,0x00000006e4bfe0f0,0x00000006e4c00000)
 Metaspace       used 6682K, capacity 7384K, committed 7680K, reserved 1056768K
  class space    used 638K, capacity 656K, committed 768K, reserved 1048576K
}
Event: 27.796 GC heap before
{Heap before GC invocations=27 (full 7):
 PSYoungGen      total 639488K, used 621415K [0x000000076ab00000, 0x000000079d780000, 0x00000007c0000000)
  eden space 455168K, 100% used [0x000000076ab00000,0x0000000786780000,0x0000000786780000)
  from space 184320K, 90% used [0x0000000786780000,0x00000007909d9ca0,0x0000000791b80000)
  to   space 178688K, 99% used [0x0000000791b80000,0x000000079c9fddf0,0x000000079ca00000)
 ParOldGen       total 602112K, used 602104K [0x00000006c0000000, 0x00000006e4c00000, 0x000000076ab00000)
  object space 602112K, 99% used [0x00000006c0000000,0x00000006e4bfe0f0,0x00000006e4c00000)
 Metaspace       used 6682K, capacity 7384K, committed 7680K, reserved 1056768K
  class space    used 638K, capacity 656K, committed 768K, reserved 1048576K
Event: 30.204 GC heap after
Heap after GC invocations=27 (full 7):
 PSYoungGen      total 639488K, used 183911K [0x000000076ab00000, 0x000000079d780000, 0x00000007c0000000)
  eden space 455168K, 40% used [0x000000076ab00000,0x0000000775e99e50,0x0000000786780000)
  from space 184320K, 0% used [0x0000000786780000,0x0000000786780000,0x0000000791b80000)
  to   space 178688K, 0% used [0x0000000791b80000,0x0000000791b80000,0x000000079ca00000)
 ParOldGen       total 602112K, used 601852K [0x00000006c0000000, 0x00000006e4c00000, 0x000000076ab00000)
  object space 602112K, 99% used [0x00000006c0000000,0x00000006e4bbf140,0x00000006e4c00000)
 Metaspace       used 6682K, capacity 7384K, committed 7680K, reserved 1056768K
  class space    used 638K, capacity 656K, committed 768K, reserved 1048576K
}

